  Map.cpp
C:\Users\Andrew Jackson\source\repos\2dgameengine\2DGameEngine\src\Map.cpp(2,10): warning C4067: unexpected tokens following preprocessor directive - expected a newline
C:\Users\Andrew Jackson\source\repos\2dgameengine\2DGameEngine\src\Components\Tile.h(28,22): warning C4244: '=': conversion from 'int' to 'T', possible loss of data
          with
          [
              T=float
          ]
C:\Users\Andrew Jackson\source\repos\2dgameengine\2DGameEngine\src\Components\Tile.h(29,22): warning C4244: '=': conversion from 'int' to 'T', possible loss of data
          with
          [
              T=float
          ]
C:\Users\Andrew Jackson\source\repos\2dgameengine\2DGameEngine\src\Components\Tile.h(37,40): warning C4244: '=': conversion from 'T' to 'int', possible loss of data
          with
          [
              T=float
          ]
C:\Users\Andrew Jackson\source\repos\2dgameengine\2DGameEngine\src\Components\Tile.h(38,40): warning C4244: '=': conversion from 'T' to 'int', possible loss of data
          with
          [
              T=float
          ]
C:\Users\Andrew Jackson\source\repos\2dgameengine\2DGameEngine\src\Map.cpp(31,79): warning C4244: 'argument': conversion from 'T' to 'int', possible loss of data
          with
          [
              T=float
          ]
C:\Users\Andrew Jackson\source\repos\2dgameengine\2DGameEngine\src\Map.cpp(31,61): warning C4244: 'argument': conversion from 'T' to 'int', possible loss of data
          with
          [
              T=float
          ]
  2DGameEngine.vcxproj -> C:\Users\Andrew Jackson\source\repos\2dgameengine\Debug\2DGameEngine.exe
